=== RUN   Test_TokenBucket_Run
rate:10 tokens:100 cap:100 now:1631618908 last:1631618908
rate:10 tokens:99 cap:100 now:1631618908 last:1631618908
rate:10 tokens:98 cap:100 now:1631618908 last:1631618908
rate:10 tokens:97 cap:100 now:1631618908 last:1631618908
rate:10 tokens:96 cap:100 now:1631618908 last:1631618908
rate:10 tokens:95 cap:100 now:1631618908 last:1631618908
rate:10 tokens:94 cap:100 now:1631618908 last:1631618908
rate:10 tokens:93 cap:100 now:1631618908 last:1631618908
rate:10 tokens:92 cap:100 now:1631618908 last:1631618908
rate:10 tokens:91 cap:100 now:1631618908 last:1631618908
rate:10 tokens:90 cap:100 now:1631618908 last:1631618908
rate:10 tokens:89 cap:100 now:1631618908 last:1631618908
rate:10 tokens:88 cap:100 now:1631618908 last:1631618908
rate:10 tokens:87 cap:100 now:1631618908 last:1631618908
rate:10 tokens:86 cap:100 now:1631618908 last:1631618908
rate:10 tokens:85 cap:100 now:1631618908 last:1631618908
rate:10 tokens:84 cap:100 now:1631618908 last:1631618908
rate:10 tokens:83 cap:100 now:1631618908 last:1631618908
rate:10 tokens:82 cap:100 now:1631618908 last:1631618908
rate:10 tokens:81 cap:100 now:1631618908 last:1631618908
rate:10 tokens:80 cap:100 now:1631618908 last:1631618908
rate:10 tokens:79 cap:100 now:1631618908 last:1631618908
rate:10 tokens:78 cap:100 now:1631618908 last:1631618908
rate:10 tokens:77 cap:100 now:1631618908 last:1631618908
rate:10 tokens:76 cap:100 now:1631618908 last:1631618908
rate:10 tokens:75 cap:100 now:1631618908 last:1631618908
rate:10 tokens:74 cap:100 now:1631618908 last:1631618908
rate:10 tokens:73 cap:100 now:1631618908 last:1631618908
rate:10 tokens:72 cap:100 now:1631618908 last:1631618908
rate:10 tokens:71 cap:100 now:1631618908 last:1631618908
rate:10 tokens:70 cap:100 now:1631618908 last:1631618908
rate:10 tokens:69 cap:100 now:1631618908 last:1631618908
rate:10 tokens:68 cap:100 now:1631618908 last:1631618908
rate:10 tokens:67 cap:100 now:1631618908 last:1631618908
rate:10 tokens:66 cap:100 now:1631618908 last:1631618908
rate:10 tokens:65 cap:100 now:1631618908 last:1631618908
rate:10 tokens:64 cap:100 now:1631618908 last:1631618908
rate:10 tokens:63 cap:100 now:1631618908 last:1631618908
rate:10 tokens:62 cap:100 now:1631618908 last:1631618908
rate:10 tokens:61 cap:100 now:1631618908 last:1631618908
rate:10 tokens:60 cap:100 now:1631618908 last:1631618908
rate:10 tokens:59 cap:100 now:1631618908 last:1631618908
rate:10 tokens:58 cap:100 now:1631618908 last:1631618908
rate:10 tokens:57 cap:100 now:1631618908 last:1631618908
rate:10 tokens:56 cap:100 now:1631618908 last:1631618908
rate:10 tokens:55 cap:100 now:1631618908 last:1631618908
rate:10 tokens:54 cap:100 now:1631618908 last:1631618908
rate:10 tokens:53 cap:100 now:1631618908 last:1631618908
rate:10 tokens:52 cap:100 now:1631618908 last:1631618908
rate:10 tokens:51 cap:100 now:1631618908 last:1631618908
rate:10 tokens:50 cap:100 now:1631618908 last:1631618908
rate:10 tokens:49 cap:100 now:1631618908 last:1631618908
rate:10 tokens:48 cap:100 now:1631618908 last:1631618908
rate:10 tokens:47 cap:100 now:1631618908 last:1631618908
rate:10 tokens:46 cap:100 now:1631618908 last:1631618908
rate:10 tokens:45 cap:100 now:1631618908 last:1631618908
rate:10 tokens:44 cap:100 now:1631618908 last:1631618908
rate:10 tokens:43 cap:100 now:1631618908 last:1631618908
rate:10 tokens:42 cap:100 now:1631618908 last:1631618908
rate:10 tokens:41 cap:100 now:1631618908 last:1631618908
rate:10 tokens:40 cap:100 now:1631618908 last:1631618908
rate:10 tokens:39 cap:100 now:1631618908 last:1631618908
rate:10 tokens:38 cap:100 now:1631618908 last:1631618908
rate:10 tokens:37 cap:100 now:1631618908 last:1631618908
rate:10 tokens:36 cap:100 now:1631618908 last:1631618908
rate:10 tokens:35 cap:100 now:1631618908 last:1631618908
rate:10 tokens:34 cap:100 now:1631618908 last:1631618908
rate:10 tokens:33 cap:100 now:1631618908 last:1631618908
rate:10 tokens:32 cap:100 now:1631618908 last:1631618908
rate:10 tokens:31 cap:100 now:1631618908 last:1631618908
rate:10 tokens:30 cap:100 now:1631618908 last:1631618908
rate:10 tokens:29 cap:100 now:1631618908 last:1631618908
rate:10 tokens:28 cap:100 now:1631618908 last:1631618908
rate:10 tokens:27 cap:100 now:1631618908 last:1631618908
rate:10 tokens:26 cap:100 now:1631618908 last:1631618908
rate:10 tokens:25 cap:100 now:1631618908 last:1631618908
rate:10 tokens:24 cap:100 now:1631618908 last:1631618908
rate:10 tokens:23 cap:100 now:1631618908 last:1631618908
rate:10 tokens:22 cap:100 now:1631618908 last:1631618908
rate:10 tokens:21 cap:100 now:1631618908 last:1631618908
rate:10 tokens:20 cap:100 now:1631618908 last:1631618908
rate:10 tokens:19 cap:100 now:1631618908 last:1631618908
rate:10 tokens:18 cap:100 now:1631618908 last:1631618908
rate:10 tokens:17 cap:100 now:1631618908 last:1631618908
rate:10 tokens:16 cap:100 now:1631618908 last:1631618908
rate:10 tokens:15 cap:100 now:1631618908 last:1631618908
rate:10 tokens:14 cap:100 now:1631618908 last:1631618908
rate:10 tokens:13 cap:100 now:1631618908 last:1631618908
rate:10 tokens:12 cap:100 now:1631618908 last:1631618908
rate:10 tokens:11 cap:100 now:1631618908 last:1631618908
rate:10 tokens:10 cap:100 now:1631618908 last:1631618908
rate:10 tokens:9 cap:100 now:1631618908 last:1631618908
rate:10 tokens:8 cap:100 now:1631618908 last:1631618908
rate:10 tokens:7 cap:100 now:1631618908 last:1631618908
rate:10 tokens:6 cap:100 now:1631618908 last:1631618908
rate:10 tokens:5 cap:100 now:1631618908 last:1631618908
rate:10 tokens:4 cap:100 now:1631618908 last:1631618908
rate:10 tokens:3 cap:100 now:1631618908 last:1631618908
rate:10 tokens:2 cap:100 now:1631618908 last:1631618908
rate:10 tokens:1 cap:100 now:1631618908 last:1631618908
rate:10 tokens:0 cap:100 now:1631618908 last:1631618908
rate:10 tokens:0 cap:100 now:1631618908 last:1631618908
rate:10 tokens:0 cap:100 now:1631618908 last:1631618908
rate:10 tokens:0 cap:100 now:1631618908 last:1631618908
rate:10 tokens:0 cap:100 now:1631618908 last:1631618908
rate:10 tokens:0 cap:100 now:1631618908 last:1631618908
rate:10 tokens:0 cap:100 now:1631618908 last:1631618908
rate:10 tokens:0 cap:100 now:1631618908 last:1631618908
rate:10 tokens:0 cap:100 now:1631618908 last:1631618908
rate:10 tokens:0 cap:100 now:1631618908 last:1631618908
rate:10 tokens:0 cap:100 now:1631618908 last:1631618908
rate:10 tokens:0 cap:100 now:1631618908 last:1631618908
rate:10 tokens:0 cap:100 now:1631618908 last:1631618908
rate:10 tokens:0 cap:100 now:1631618908 last:1631618908
rate:10 tokens:0 cap:100 now:1631618908 last:1631618908
rate:10 tokens:0 cap:100 now:1631618908 last:1631618908
rate:10 tokens:0 cap:100 now:1631618908 last:1631618908
rate:10 tokens:0 cap:100 now:1631618908 last:1631618908
rate:10 tokens:0 cap:100 now:1631618908 last:1631618908
rate:10 tokens:0 cap:100 now:1631618908 last:1631618908
rate:10 tokens:0 cap:100 now:1631618908 last:1631618908
rate:10 tokens:0 cap:100 now:1631618908 last:1631618908
rate:10 tokens:0 cap:100 now:1631618908 last:1631618908
rate:10 tokens:0 cap:100 now:1631618908 last:1631618908
rate:10 tokens:0 cap:100 now:1631618908 last:1631618908
rate:10 tokens:0 cap:100 now:1631618908 last:1631618908
rate:10 tokens:0 cap:100 now:1631618908 last:1631618908
rate:10 tokens:0 cap:100 now:1631618908 last:1631618908
rate:10 tokens:0 cap:100 now:1631618908 last:1631618908
rate:10 tokens:0 cap:100 now:1631618908 last:1631618908
rate:10 tokens:0 cap:100 now:1631618908 last:1631618908
rate:10 tokens:0 cap:100 now:1631618908 last:1631618908
rate:10 tokens:0 cap:100 now:1631618908 last:1631618908
rate:10 tokens:0 cap:100 now:1631618908 last:1631618908
rate:10 tokens:0 cap:100 now:1631618908 last:1631618908
rate:10 tokens:0 cap:100 now:1631618908 last:1631618908
rate:10 tokens:0 cap:100 now:1631618908 last:1631618908
rate:10 tokens:0 cap:100 now:1631618908 last:1631618908
rate:10 tokens:0 cap:100 now:1631618908 last:1631618908
rate:10 tokens:0 cap:100 now:1631618908 last:1631618908
rate:10 tokens:0 cap:100 now:1631618908 last:1631618908
rate:10 tokens:0 cap:100 now:1631618908 last:1631618908
rate:10 tokens:0 cap:100 now:1631618908 last:1631618908
rate:10 tokens:0 cap:100 now:1631618908 last:1631618908
rate:10 tokens:0 cap:100 now:1631618908 last:1631618908
rate:10 tokens:0 cap:100 now:1631618908 last:1631618908
rate:10 tokens:0 cap:100 now:1631618908 last:1631618908
rate:10 tokens:0 cap:100 now:1631618908 last:1631618908
rate:10 tokens:0 cap:100 now:1631618908 last:1631618908
rate:10 tokens:0 cap:100 now:1631618908 last:1631618908
rate:10 tokens:0 cap:100 now:1631618908 last:1631618908
rate:10 tokens:0 cap:100 now:1631618908 last:1631618908
rate:10 tokens:0 cap:100 now:1631618908 last:1631618908
rate:10 tokens:0 cap:100 now:1631618908 last:1631618908
rate:10 tokens:0 cap:100 now:1631618908 last:1631618908
rate:10 tokens:0 cap:100 now:1631618908 last:1631618908
rate:10 tokens:0 cap:100 now:1631618908 last:1631618908
rate:10 tokens:0 cap:100 now:1631618908 last:1631618908
rate:10 tokens:0 cap:100 now:1631618908 last:1631618908
rate:10 tokens:0 cap:100 now:1631618908 last:1631618908
rate:10 tokens:0 cap:100 now:1631618908 last:1631618908
rate:10 tokens:0 cap:100 now:1631618908 last:1631618908
rate:10 tokens:0 cap:100 now:1631618908 last:1631618908
rate:10 tokens:0 cap:100 now:1631618908 last:1631618908
rate:10 tokens:0 cap:100 now:1631618908 last:1631618908
rate:10 tokens:0 cap:100 now:1631618908 last:1631618908
rate:10 tokens:0 cap:100 now:1631618908 last:1631618908
rate:10 tokens:0 cap:100 now:1631618908 last:1631618908
rate:10 tokens:0 cap:100 now:1631618908 last:1631618908
rate:10 tokens:0 cap:100 now:1631618908 last:1631618908
rate:10 tokens:0 cap:100 now:1631618908 last:1631618908
rate:10 tokens:0 cap:100 now:1631618908 last:1631618908
rate:10 tokens:0 cap:100 now:1631618908 last:1631618908
rate:10 tokens:0 cap:100 now:1631618908 last:1631618908
rate:10 tokens:0 cap:100 now:1631618908 last:1631618908
rate:10 tokens:0 cap:100 now:1631618908 last:1631618908
rate:10 tokens:0 cap:100 now:1631618908 last:1631618908
rate:10 tokens:0 cap:100 now:1631618908 last:1631618908
rate:10 tokens:0 cap:100 now:1631618908 last:1631618908
rate:10 tokens:0 cap:100 now:1631618908 last:1631618908
rate:10 tokens:0 cap:100 now:1631618908 last:1631618908
rate:10 tokens:0 cap:100 now:1631618908 last:1631618908
rate:10 tokens:0 cap:100 now:1631618908 last:1631618908
rate:10 tokens:0 cap:100 now:1631618908 last:1631618908
rate:10 tokens:0 cap:100 now:1631618908 last:1631618908
rate:10 tokens:0 cap:100 now:1631618908 last:1631618908
rate:10 tokens:0 cap:100 now:1631618908 last:1631618908
rate:10 tokens:0 cap:100 now:1631618908 last:1631618908
rate:10 tokens:0 cap:100 now:1631618908 last:1631618908
rate:10 tokens:0 cap:100 now:1631618908 last:1631618908
rate:10 tokens:0 cap:100 now:1631618908 last:1631618908
rate:10 tokens:0 cap:100 now:1631618908 last:1631618908
rate:10 tokens:0 cap:100 now:1631618908 last:1631618908
rate:10 tokens:0 cap:100 now:1631618908 last:1631618908
rate:10 tokens:0 cap:100 now:1631618908 last:1631618908
rate:10 tokens:0 cap:100 now:1631618908 last:1631618908
rate:10 tokens:0 cap:100 now:1631618908 last:1631618908
rate:10 tokens:0 cap:100 now:1631618908 last:1631618908
rate:10 tokens:0 cap:100 now:1631618908 last:1631618908
rate:10 tokens:0 cap:100 now:1631618908 last:1631618908
rate:10 tokens:0 cap:100 now:1631618908 last:1631618908
rate:10 tokens:0 cap:100 now:1631618908 last:1631618908
rate:10 tokens:0 cap:100 now:1631618908 last:1631618908
rate:10 tokens:0 cap:100 now:1631618908 last:1631618908
rate:10 tokens:0 cap:100 now:1631618908 last:1631618908
rate:10 tokens:0 cap:100 now:1631618908 last:1631618908
rate:10 tokens:0 cap:100 now:1631618908 last:1631618908
rate:10 tokens:0 cap:100 now:1631618908 last:1631618908
rate:10 tokens:0 cap:100 now:1631618908 last:1631618908
rate:10 tokens:0 cap:100 now:1631618908 last:1631618908
rate:10 tokens:0 cap:100 now:1631618908 last:1631618908
rate:10 tokens:0 cap:100 now:1631618908 last:1631618908
rate:10 tokens:0 cap:100 now:1631618908 last:1631618908
rate:10 tokens:0 cap:100 now:1631618908 last:1631618908
rate:10 tokens:0 cap:100 now:1631618908 last:1631618908
rate:10 tokens:0 cap:100 now:1631618908 last:1631618908
rate:10 tokens:0 cap:100 now:1631618908 last:1631618908
rate:10 tokens:0 cap:100 now:1631618908 last:1631618908
rate:10 tokens:0 cap:100 now:1631618908 last:1631618908
rate:10 tokens:0 cap:100 now:1631618908 last:1631618908
rate:10 tokens:0 cap:100 now:1631618908 last:1631618908
rate:10 tokens:0 cap:100 now:1631618908 last:1631618908
rate:10 tokens:0 cap:100 now:1631618908 last:1631618908
rate:10 tokens:0 cap:100 now:1631618908 last:1631618908
rate:10 tokens:0 cap:100 now:1631618908 last:1631618908
rate:10 tokens:0 cap:100 now:1631618908 last:1631618908
rate:10 tokens:0 cap:100 now:1631618908 last:1631618908
rate:10 tokens:0 cap:100 now:1631618908 last:1631618908
rate:10 tokens:0 cap:100 now:1631618908 last:1631618908
rate:10 tokens:0 cap:100 now:1631618908 last:1631618908
rate:10 tokens:0 cap:100 now:1631618908 last:1631618908
rate:10 tokens:0 cap:100 now:1631618908 last:1631618908
rate:10 tokens:0 cap:100 now:1631618908 last:1631618908
rate:10 tokens:0 cap:100 now:1631618908 last:1631618908
rate:10 tokens:0 cap:100 now:1631618908 last:1631618908
rate:10 tokens:0 cap:100 now:1631618908 last:1631618908
rate:10 tokens:0 cap:100 now:1631618908 last:1631618908
rate:10 tokens:0 cap:100 now:1631618908 last:1631618908
rate:10 tokens:0 cap:100 now:1631618908 last:1631618908
rate:10 tokens:0 cap:100 now:1631618908 last:1631618908
rate:10 tokens:0 cap:100 now:1631618908 last:1631618908
rate:10 tokens:0 cap:100 now:1631618908 last:1631618908
rate:10 tokens:0 cap:100 now:1631618908 last:1631618908
rate:10 tokens:0 cap:100 now:1631618908 last:1631618908
rate:10 tokens:0 cap:100 now:1631618908 last:1631618908
rate:10 tokens:0 cap:100 now:1631618908 last:1631618908
rate:10 tokens:0 cap:100 now:1631618908 last:1631618908
rate:10 tokens:0 cap:100 now:1631618908 last:1631618908
rate:10 tokens:0 cap:100 now:1631618908 last:1631618908
rate:10 tokens:0 cap:100 now:1631618908 last:1631618908
rate:10 tokens:0 cap:100 now:1631618908 last:1631618908
rate:10 tokens:0 cap:100 now:1631618908 last:1631618908
rate:10 tokens:0 cap:100 now:1631618908 last:1631618908
rate:10 tokens:0 cap:100 now:1631618908 last:1631618908
rate:10 tokens:0 cap:100 now:1631618908 last:1631618908
rate:10 tokens:0 cap:100 now:1631618908 last:1631618908
rate:10 tokens:0 cap:100 now:1631618908 last:1631618908
rate:10 tokens:0 cap:100 now:1631618908 last:1631618908
rate:10 tokens:0 cap:100 now:1631618908 last:1631618908
rate:10 tokens:0 cap:100 now:1631618908 last:1631618908
rate:10 tokens:0 cap:100 now:1631618908 last:1631618908
rate:10 tokens:0 cap:100 now:1631618908 last:1631618908
rate:10 tokens:0 cap:100 now:1631618908 last:1631618908
rate:10 tokens:0 cap:100 now:1631618908 last:1631618908
rate:10 tokens:0 cap:100 now:1631618908 last:1631618908
rate:10 tokens:0 cap:100 now:1631618908 last:1631618908
rate:10 tokens:0 cap:100 now:1631618908 last:1631618908
rate:10 tokens:0 cap:100 now:1631618908 last:1631618908
rate:10 tokens:0 cap:100 now:1631618908 last:1631618908
rate:10 tokens:0 cap:100 now:1631618908 last:1631618908
rate:10 tokens:0 cap:100 now:1631618908 last:1631618908
rate:10 tokens:0 cap:100 now:1631618908 last:1631618908
rate:10 tokens:0 cap:100 now:1631618908 last:1631618908
rate:10 tokens:0 cap:100 now:1631618908 last:1631618908
rate:10 tokens:0 cap:100 now:1631618908 last:1631618908
rate:10 tokens:0 cap:100 now:1631618908 last:1631618908
rate:10 tokens:0 cap:100 now:1631618908 last:1631618908
rate:10 tokens:0 cap:100 now:1631618908 last:1631618908
rate:10 tokens:0 cap:100 now:1631618908 last:1631618908
rate:10 tokens:0 cap:100 now:1631618908 last:1631618908
rate:10 tokens:0 cap:100 now:1631618908 last:1631618908
rate:10 tokens:0 cap:100 now:1631618908 last:1631618908
rate:10 tokens:0 cap:100 now:1631618908 last:1631618908
rate:10 tokens:0 cap:100 now:1631618908 last:1631618908
rate:10 tokens:0 cap:100 now:1631618908 last:1631618908
rate:10 tokens:0 cap:100 now:1631618908 last:1631618908
rate:10 tokens:0 cap:100 now:1631618908 last:1631618908
rate:10 tokens:0 cap:100 now:1631618908 last:1631618908
rate:10 tokens:0 cap:100 now:1631618908 last:1631618908
rate:10 tokens:0 cap:100 now:1631618908 last:1631618908
rate:10 tokens:0 cap:100 now:1631618908 last:1631618908
rate:10 tokens:0 cap:100 now:1631618908 last:1631618908
rate:10 tokens:0 cap:100 now:1631618908 last:1631618908
rate:10 tokens:0 cap:100 now:1631618908 last:1631618908
rate:10 tokens:0 cap:100 now:1631618908 last:1631618908
rate:10 tokens:0 cap:100 now:1631618908 last:1631618908
rate:10 tokens:0 cap:100 now:1631618908 last:1631618908
rate:10 tokens:0 cap:100 now:1631618908 last:1631618908
rate:10 tokens:0 cap:100 now:1631618908 last:1631618908
rate:10 tokens:0 cap:100 now:1631618908 last:1631618908
rate:10 tokens:0 cap:100 now:1631618908 last:1631618908
rate:10 tokens:0 cap:100 now:1631618908 last:1631618908
rate:10 tokens:0 cap:100 now:1631618908 last:1631618908
rate:10 tokens:0 cap:100 now:1631618908 last:1631618908
rate:10 tokens:0 cap:100 now:1631618908 last:1631618908
rate:10 tokens:0 cap:100 now:1631618908 last:1631618908
rate:10 tokens:0 cap:100 now:1631618908 last:1631618908
rate:10 tokens:0 cap:100 now:1631618908 last:1631618908
rate:10 tokens:0 cap:100 now:1631618908 last:1631618908
rate:10 tokens:0 cap:100 now:1631618908 last:1631618908
rate:10 tokens:0 cap:100 now:1631618908 last:1631618908
rate:10 tokens:0 cap:100 now:1631618908 last:1631618908
rate:10 tokens:0 cap:100 now:1631618908 last:1631618908
rate:10 tokens:0 cap:100 now:1631618908 last:1631618908
rate:10 tokens:0 cap:100 now:1631618908 last:1631618908
rate:10 tokens:0 cap:100 now:1631618908 last:1631618908
rate:10 tokens:0 cap:100 now:1631618908 last:1631618908
rate:10 tokens:0 cap:100 now:1631618908 last:1631618908
rate:10 tokens:0 cap:100 now:1631618908 last:1631618908
rate:10 tokens:0 cap:100 now:1631618908 last:1631618908
rate:10 tokens:0 cap:100 now:1631618908 last:1631618908
rate:10 tokens:0 cap:100 now:1631618908 last:1631618908
rate:10 tokens:0 cap:100 now:1631618908 last:1631618908
rate:10 tokens:0 cap:100 now:1631618908 last:1631618908
rate:10 tokens:0 cap:100 now:1631618908 last:1631618908
rate:10 tokens:0 cap:100 now:1631618908 last:1631618908
rate:10 tokens:0 cap:100 now:1631618908 last:1631618908
rate:10 tokens:0 cap:100 now:1631618908 last:1631618908
rate:10 tokens:0 cap:100 now:1631618908 last:1631618908
rate:10 tokens:0 cap:100 now:1631618908 last:1631618908
rate:10 tokens:0 cap:100 now:1631618908 last:1631618908
rate:10 tokens:0 cap:100 now:1631618908 last:1631618908
rate:10 tokens:0 cap:100 now:1631618908 last:1631618908
rate:10 tokens:0 cap:100 now:1631618908 last:1631618908
rate:10 tokens:0 cap:100 now:1631618908 last:1631618908
rate:10 tokens:0 cap:100 now:1631618908 last:1631618908
rate:10 tokens:0 cap:100 now:1631618908 last:1631618908
rate:10 tokens:0 cap:100 now:1631618908 last:1631618908
rate:10 tokens:0 cap:100 now:1631618908 last:1631618908
rate:10 tokens:0 cap:100 now:1631618908 last:1631618908
rate:10 tokens:0 cap:100 now:1631618908 last:1631618908
rate:10 tokens:0 cap:100 now:1631618908 last:1631618908
rate:10 tokens:0 cap:100 now:1631618908 last:1631618908
rate:10 tokens:0 cap:100 now:1631618908 last:1631618908
rate:10 tokens:0 cap:100 now:1631618908 last:1631618908
rate:10 tokens:0 cap:100 now:1631618908 last:1631618908
rate:10 tokens:0 cap:100 now:1631618908 last:1631618908
rate:10 tokens:0 cap:100 now:1631618908 last:1631618908
rate:10 tokens:0 cap:100 now:1631618908 last:1631618908
rate:10 tokens:0 cap:100 now:1631618908 last:1631618908
rate:10 tokens:0 cap:100 now:1631618908 last:1631618908
rate:10 tokens:0 cap:100 now:1631618908 last:1631618908
rate:10 tokens:0 cap:100 now:1631618908 last:1631618908
rate:10 tokens:0 cap:100 now:1631618908 last:1631618908
rate:10 tokens:0 cap:100 now:1631618908 last:1631618908
rate:10 tokens:0 cap:100 now:1631618908 last:1631618908
rate:10 tokens:0 cap:100 now:1631618908 last:1631618908
rate:10 tokens:0 cap:100 now:1631618908 last:1631618908
rate:10 tokens:0 cap:100 now:1631618908 last:1631618908
rate:10 tokens:0 cap:100 now:1631618908 last:1631618908
rate:10 tokens:0 cap:100 now:1631618908 last:1631618908
rate:10 tokens:0 cap:100 now:1631618908 last:1631618908
rate:10 tokens:0 cap:100 now:1631618908 last:1631618908
rate:10 tokens:0 cap:100 now:1631618908 last:1631618908
rate:10 tokens:0 cap:100 now:1631618908 last:1631618908
rate:10 tokens:0 cap:100 now:1631618908 last:1631618908
rate:10 tokens:0 cap:100 now:1631618908 last:1631618908
rate:10 tokens:0 cap:100 now:1631618908 last:1631618908
rate:10 tokens:0 cap:100 now:1631618908 last:1631618908
rate:10 tokens:0 cap:100 now:1631618908 last:1631618908
rate:10 tokens:0 cap:100 now:1631618908 last:1631618908
rate:10 tokens:0 cap:100 now:1631618908 last:1631618908
rate:10 tokens:0 cap:100 now:1631618908 last:1631618908
rate:10 tokens:0 cap:100 now:1631618908 last:1631618908
rate:10 tokens:0 cap:100 now:1631618908 last:1631618908
rate:10 tokens:0 cap:100 now:1631618908 last:1631618908
rate:10 tokens:0 cap:100 now:1631618908 last:1631618908
rate:10 tokens:0 cap:100 now:1631618908 last:1631618908
rate:10 tokens:0 cap:100 now:1631618908 last:1631618908
rate:10 tokens:0 cap:100 now:1631618908 last:1631618908
rate:10 tokens:0 cap:100 now:1631618908 last:1631618908
rate:10 tokens:0 cap:100 now:1631618908 last:1631618908
rate:10 tokens:0 cap:100 now:1631618908 last:1631618908
rate:10 tokens:0 cap:100 now:1631618908 last:1631618908
rate:10 tokens:0 cap:100 now:1631618908 last:1631618908
rate:10 tokens:0 cap:100 now:1631618908 last:1631618908
rate:10 tokens:0 cap:100 now:1631618908 last:1631618908
rate:10 tokens:0 cap:100 now:1631618908 last:1631618908
rate:10 tokens:0 cap:100 now:1631618908 last:1631618908
rate:10 tokens:0 cap:100 now:1631618908 last:1631618908
rate:10 tokens:0 cap:100 now:1631618908 last:1631618908
rate:10 tokens:0 cap:100 now:1631618908 last:1631618908
rate:10 tokens:0 cap:100 now:1631618908 last:1631618908
rate:10 tokens:0 cap:100 now:1631618908 last:1631618908
rate:10 tokens:0 cap:100 now:1631618908 last:1631618908
rate:10 tokens:0 cap:100 now:1631618908 last:1631618908
rate:10 tokens:0 cap:100 now:1631618908 last:1631618908
rate:10 tokens:0 cap:100 now:1631618908 last:1631618908
rate:10 tokens:0 cap:100 now:1631618908 last:1631618908
rate:10 tokens:0 cap:100 now:1631618908 last:1631618908
rate:10 tokens:0 cap:100 now:1631618908 last:1631618908
rate:10 tokens:0 cap:100 now:1631618908 last:1631618908
rate:10 tokens:0 cap:100 now:1631618908 last:1631618908
rate:10 tokens:0 cap:100 now:1631618908 last:1631618908
rate:10 tokens:0 cap:100 now:1631618908 last:1631618908
rate:10 tokens:0 cap:100 now:1631618908 last:1631618908
rate:10 tokens:0 cap:100 now:1631618908 last:1631618908
rate:10 tokens:0 cap:100 now:1631618908 last:1631618908
rate:10 tokens:0 cap:100 now:1631618908 last:1631618908
rate:10 tokens:0 cap:100 now:1631618908 last:1631618908
rate:10 tokens:0 cap:100 now:1631618908 last:1631618908
rate:10 tokens:0 cap:100 now:1631618908 last:1631618908
rate:10 tokens:0 cap:100 now:1631618908 last:1631618908
rate:10 tokens:0 cap:100 now:1631618908 last:1631618908
rate:10 tokens:0 cap:100 now:1631618908 last:1631618908
rate:10 tokens:0 cap:100 now:1631618908 last:1631618908
rate:10 tokens:0 cap:100 now:1631618908 last:1631618908
rate:10 tokens:0 cap:100 now:1631618908 last:1631618908
rate:10 tokens:0 cap:100 now:1631618908 last:1631618908
rate:10 tokens:0 cap:100 now:1631618908 last:1631618908
rate:10 tokens:0 cap:100 now:1631618908 last:1631618908
rate:10 tokens:0 cap:100 now:1631618908 last:1631618908
rate:10 tokens:0 cap:100 now:1631618908 last:1631618908
rate:10 tokens:0 cap:100 now:1631618908 last:1631618908
rate:10 tokens:0 cap:100 now:1631618908 last:1631618908
rate:10 tokens:0 cap:100 now:1631618908 last:1631618908
rate:10 tokens:0 cap:100 now:1631618908 last:1631618908
rate:10 tokens:0 cap:100 now:1631618908 last:1631618908
rate:10 tokens:0 cap:100 now:1631618908 last:1631618908
rate:10 tokens:0 cap:100 now:1631618908 last:1631618908
rate:10 tokens:0 cap:100 now:1631618908 last:1631618908
rate:10 tokens:0 cap:100 now:1631618908 last:1631618908
rate:10 tokens:0 cap:100 now:1631618908 last:1631618908
rate:10 tokens:0 cap:100 now:1631618908 last:1631618908
rate:10 tokens:0 cap:100 now:1631618908 last:1631618908
rate:10 tokens:0 cap:100 now:1631618908 last:1631618908
rate:10 tokens:0 cap:100 now:1631618908 last:1631618908
rate:10 tokens:0 cap:100 now:1631618908 last:1631618908
rate:10 tokens:0 cap:100 now:1631618908 last:1631618908
rate:10 tokens:0 cap:100 now:1631618908 last:1631618908
rate:10 tokens:0 cap:100 now:1631618908 last:1631618908
rate:10 tokens:0 cap:100 now:1631618908 last:1631618908
rate:10 tokens:0 cap:100 now:1631618908 last:1631618908
rate:10 tokens:0 cap:100 now:1631618908 last:1631618908
rate:10 tokens:0 cap:100 now:1631618908 last:1631618908
rate:10 tokens:0 cap:100 now:1631618908 last:1631618908
rate:10 tokens:0 cap:100 now:1631618908 last:1631618908
rate:10 tokens:0 cap:100 now:1631618908 last:1631618908
rate:10 tokens:0 cap:100 now:1631618908 last:1631618908
rate:10 tokens:0 cap:100 now:1631618908 last:1631618908
rate:10 tokens:0 cap:100 now:1631618908 last:1631618908
rate:10 tokens:0 cap:100 now:1631618908 last:1631618908
rate:10 tokens:0 cap:100 now:1631618908 last:1631618908
rate:10 tokens:0 cap:100 now:1631618908 last:1631618908
rate:10 tokens:0 cap:100 now:1631618908 last:1631618908
rate:10 tokens:0 cap:100 now:1631618908 last:1631618908
rate:10 tokens:0 cap:100 now:1631618908 last:1631618908
rate:10 tokens:0 cap:100 now:1631618908 last:1631618908
rate:10 tokens:0 cap:100 now:1631618908 last:1631618908
rate:10 tokens:0 cap:100 now:1631618908 last:1631618908
rate:10 tokens:0 cap:100 now:1631618908 last:1631618908
rate:10 tokens:0 cap:100 now:1631618908 last:1631618908
rate:10 tokens:0 cap:100 now:1631618908 last:1631618908
rate:10 tokens:0 cap:100 now:1631618908 last:1631618908
rate:10 tokens:0 cap:100 now:1631618908 last:1631618908
rate:10 tokens:0 cap:100 now:1631618908 last:1631618908
rate:10 tokens:0 cap:100 now:1631618908 last:1631618908
rate:10 tokens:0 cap:100 now:1631618908 last:1631618908
rate:10 tokens:0 cap:100 now:1631618908 last:1631618908
rate:10 tokens:0 cap:100 now:1631618908 last:1631618908
rate:10 tokens:0 cap:100 now:1631618908 last:1631618908
rate:10 tokens:0 cap:100 now:1631618908 last:1631618908
rate:10 tokens:0 cap:100 now:1631618908 last:1631618908
rate:10 tokens:0 cap:100 now:1631618908 last:1631618908
rate:10 tokens:0 cap:100 now:1631618908 last:1631618908
rate:10 tokens:0 cap:100 now:1631618908 last:1631618908
rate:10 tokens:0 cap:100 now:1631618908 last:1631618908
rate:10 tokens:0 cap:100 now:1631618908 last:1631618908
rate:10 tokens:0 cap:100 now:1631618908 last:1631618908
rate:10 tokens:0 cap:100 now:1631618908 last:1631618908
rate:10 tokens:0 cap:100 now:1631618908 last:1631618908
rate:10 tokens:0 cap:100 now:1631618908 last:1631618908
rate:10 tokens:0 cap:100 now:1631618908 last:1631618908
rate:10 tokens:0 cap:100 now:1631618908 last:1631618908
rate:10 tokens:0 cap:100 now:1631618908 last:1631618908
rate:10 tokens:0 cap:100 now:1631618908 last:1631618908
rate:10 tokens:0 cap:100 now:1631618908 last:1631618908
rate:10 tokens:0 cap:100 now:1631618908 last:1631618908
rate:10 tokens:0 cap:100 now:1631618908 last:1631618908
rate:10 tokens:0 cap:100 now:1631618908 last:1631618908
rate:10 tokens:0 cap:100 now:1631618908 last:1631618908
rate:10 tokens:0 cap:100 now:1631618908 last:1631618908
rate:10 tokens:0 cap:100 now:1631618908 last:1631618908
rate:10 tokens:0 cap:100 now:1631618908 last:1631618908
rate:10 tokens:0 cap:100 now:1631618908 last:1631618908
rate:10 tokens:0 cap:100 now:1631618908 last:1631618908
rate:10 tokens:0 cap:100 now:1631618908 last:1631618908
rate:10 tokens:0 cap:100 now:1631618908 last:1631618908
rate:10 tokens:0 cap:100 now:1631618908 last:1631618908
rate:10 tokens:0 cap:100 now:1631618908 last:1631618908
--- PASS: Test_TokenBucket_Run (1.01s)
PASS
ok  	github.com/beyondyyh/limiter	1.011s
